<?xml version="1.0" encoding="UTF-8"?>
<!-- Generated by org.testng.reporters.JUnitReportReporter -->
<testsuite hostname="DESKTOP-8ELVUAA" failures="0" tests="1" name="AdoohNegativeScenarios.Login" time="7.736" errors="0" timestamp="2022-12-09T10:50:29 IST" skipped="0">
  <testcase classname="AdoohNegativeScenarios.Login" name="execution" time="7.736"/>
  <system-out/>
</testsuite> <!-- AdoohNegativeScenarios.Login -->
