<?xml version="1.0" encoding="UTF-8"?>
<!-- Generated by org.testng.reporters.JUnitReportReporter -->
<testsuite hostname="DESKTOP-8ELVUAA" failures="0" tests="1" name="AdoohNegativeLogin.Login" time="7.869" errors="0" timestamp="2022-12-09T10:24:56 IST" skipped="0">
  <testcase classname="AdoohNegativeLogin.Login" name="execution" time="7.869"/>
  <system-out/>
</testsuite> <!-- AdoohNegativeLogin.Login -->
